[ 2015-09-26T22:04:38+08:00 ] 103.224.250.73 /cj/index.php/Home/Index/work.html?laiyuan=caipiao163
INFO: [ app_init ] --START--
INFO: Run Behavior\BuildLiteBehavior [ RunTime:0.000000s ]
INFO: [ app_init ] --END-- [ RunTime:0.000000s ]
INFO: [ app_begin ] --START--
INFO: Run Behavior\ReadHtmlCacheBehavior [ RunTime:0.015625s ]
INFO: [ app_begin ] --END-- [ RunTime:0.015625s ]
SQL: SHOW COLUMNS FROM `hx_win` [ RunTime:0.0000s ]
NOTIC: [8] Undefined variable: param D:\wwwroot\Web\cj\Application\Home\Common\function.php 第 56 行.
SQL: SELECT * FROM `hx_win` WHERE ( W_Issue='20150926-001' AND W_Type = '1' ) LIMIT 1   [ RunTime:0.0000s ]
SQL: SELECT * FROM `hx_win` WHERE ( W_Issue='20150926-041' AND W_Type = '1' ) LIMIT 1   [ RunTime:0.0000s ]
SQL: SELECT * FROM `hx_win` WHERE ( W_Issue='20150926-081' AND W_Type = '1' ) LIMIT 1   [ RunTime:0.0000s ]
SQL: SELECT * FROM `hx_win` WHERE ( W_Issue='20150926-002' AND W_Type = '1' ) LIMIT 1   [ RunTime:0.0000s ]
SQL: SELECT * FROM `hx_win` WHERE ( W_Issue='20150926-042' AND W_Type = '1' ) LIMIT 1   [ RunTime:0.0000s ]
SQL: SELECT * FROM `hx_win` WHERE ( W_Issue='20150926-082' AND W_Type = '1' ) LIMIT 1   [ RunTime:0.0000s ]
SQL: SELECT * FROM `hx_win` WHERE ( W_Issue='20150926-003' AND W_Type = '1' ) LIMIT 1   [ RunTime:0.0000s ]
SQL: SELECT * FROM `hx_win` WHERE ( W_Issue='20150926-043' AND W_Type = '1' ) LIMIT 1   [ RunTime:0.0000s ]
SQL: SELECT * FROM `hx_win` WHERE ( W_Issue='20150926-083' AND W_Type = '1' ) LIMIT 1   [ RunTime:0.0000s ]
SQL: SELECT * FROM `hx_win` WHERE ( W_Issue='20150926-004' AND W_Type = '1' ) LIMIT 1   [ RunTime:0.0000s ]
SQL: SELECT * FROM `hx_win` WHERE ( W_Issue='20150926-044' AND W_Type = '1' ) LIMIT 1   [ RunTime:0.0000s ]
SQL: SELECT * FROM `hx_win` WHERE ( W_Issue='20150926-084' AND W_Type = '1' ) LIMIT 1   [ RunTime:0.0000s ]
SQL: SELECT * FROM `hx_win` WHERE ( W_Issue='20150926-005' AND W_Type = '1' ) LIMIT 1   [ RunTime:0.0000s ]
SQL: SELECT * FROM `hx_win` WHERE ( W_Issue='20150926-045' AND W_Type = '1' ) LIMIT 1   [ RunTime:0.0000s ]
SQL: SELECT * FROM `hx_win` WHERE ( W_Issue='20150926-085' AND W_Type = '1' ) LIMIT 1   [ RunTime:0.0000s ]
SQL: SELECT * FROM `hx_win` WHERE ( W_Issue='20150926-006' AND W_Type = '1' ) LIMIT 1   [ RunTime:0.0000s ]
SQL: SELECT * FROM `hx_win` WHERE ( W_Issue='20150926-046' AND W_Type = '1' ) LIMIT 1   [ RunTime:0.0000s ]
SQL: SELECT * FROM `hx_win` WHERE ( W_Issue='20150926-086' AND W_Type = '1' ) LIMIT 1   [ RunTime:0.0000s ]
SQL: SELECT * FROM `hx_win` WHERE ( W_Issue='20150926-007' AND W_Type = '1' ) LIMIT 1   [ RunTime:0.0000s ]
SQL: SELECT * FROM `hx_win` WHERE ( W_Issue='20150926-047' AND W_Type = '1' ) LIMIT 1   [ RunTime:0.0000s ]
SQL: SELECT * FROM `hx_win` WHERE ( W_Issue='20150926-087' AND W_Type = '1' ) LIMIT 1   [ RunTime:0.0000s ]
SQL: SELECT * FROM `hx_win` WHERE ( W_Issue='20150926-008' AND W_Type = '1' ) LIMIT 1   [ RunTime:0.0000s ]
SQL: SELECT * FROM `hx_win` WHERE ( W_Issue='20150926-048' AND W_Type = '1' ) LIMIT 1   [ RunTime:0.0000s ]
SQL: SELECT * FROM `hx_win` WHERE ( W_Issue='20150926-088' AND W_Type = '1' ) LIMIT 1   [ RunTime:0.0000s ]
SQL: SELECT * FROM `hx_win` WHERE ( W_Issue='20150926-009' AND W_Type = '1' ) LIMIT 1   [ RunTime:0.0000s ]
SQL: SELECT * FROM `hx_win` WHERE ( W_Issue='20150926-049' AND W_Type = '1' ) LIMIT 1   [ RunTime:0.0000s ]
SQL: SELECT * FROM `hx_win` WHERE ( W_Issue='20150926-089' AND W_Type = '1' ) LIMIT 1   [ RunTime:0.0000s ]
SQL: SELECT * FROM `hx_win` WHERE ( W_Issue='20150926-010' AND W_Type = '1' ) LIMIT 1   [ RunTime:0.0000s ]
SQL: SELECT * FROM `hx_win` WHERE ( W_Issue='20150926-050' AND W_Type = '1' ) LIMIT 1   [ RunTime:0.0000s ]
SQL: SELECT * FROM `hx_win` WHERE ( W_Issue='20150926-090' AND W_Type = '1' ) LIMIT 1   [ RunTime:0.0000s ]
SQL: SELECT * FROM `hx_win` WHERE ( W_Issue='20150926-011' AND W_Type = '1' ) LIMIT 1   [ RunTime:0.0000s ]
SQL: SELECT * FROM `hx_win` WHERE ( W_Issue='20150926-051' AND W_Type = '1' ) LIMIT 1   [ RunTime:0.0000s ]
SQL: SELECT * FROM `hx_win` WHERE ( W_Issue='20150926-091' AND W_Type = '1' ) LIMIT 1   [ RunTime:0.0000s ]
SQL: SELECT * FROM `hx_win` WHERE ( W_Issue='20150926-012' AND W_Type = '1' ) LIMIT 1   [ RunTime:0.0000s ]
SQL: SELECT * FROM `hx_win` WHERE ( W_Issue='20150926-052' AND W_Type = '1' ) LIMIT 1   [ RunTime:0.0000s ]
SQL: SELECT * FROM `hx_win` WHERE ( W_Issue='20150926-092' AND W_Type = '1' ) LIMIT 1   [ RunTime:0.0000s ]
SQL: SELECT * FROM `hx_win` WHERE ( W_Issue='20150926-013' AND W_Type = '1' ) LIMIT 1   [ RunTime:0.0000s ]
SQL: SELECT * FROM `hx_win` WHERE ( W_Issue='20150926-053' AND W_Type = '1' ) LIMIT 1   [ RunTime:0.0000s ]
SQL: SELECT * FROM `hx_win` WHERE ( W_Issue='20150926-093' AND W_Type = '1' ) LIMIT 1   [ RunTime:0.0000s ]
SQL: SELECT * FROM `hx_win` WHERE ( W_Issue='20150926-014' AND W_Type = '1' ) LIMIT 1   [ RunTime:0.0000s ]
SQL: SELECT * FROM `hx_win` WHERE ( W_Issue='20150926-054' AND W_Type = '1' ) LIMIT 1   [ RunTime:0.0000s ]
SQL: SELECT * FROM `hx_win` WHERE ( W_Issue='20150926-094' AND W_Type = '1' ) LIMIT 1   [ RunTime:0.0000s ]
SQL: SELECT * FROM `hx_win` WHERE ( W_Issue='20150926-015' AND W_Type = '1' ) LIMIT 1   [ RunTime:0.0000s ]
SQL: SELECT * FROM `hx_win` WHERE ( W_Issue='20150926-055' AND W_Type = '1' ) LIMIT 1   [ RunTime:0.0000s ]
SQL: SELECT * FROM `hx_win` WHERE ( W_Issue='20150926-095' AND W_Type = '1' ) LIMIT 1   [ RunTime:0.0000s ]
SQL: SELECT * FROM `hx_win` WHERE ( W_Issue='20150926-016' AND W_Type = '1' ) LIMIT 1   [ RunTime:0.0000s ]
SQL: SELECT * FROM `hx_win` WHERE ( W_Issue='20150926-056' AND W_Type = '1' ) LIMIT 1   [ RunTime:0.0000s ]
SQL: SELECT * FROM `hx_win` WHERE ( W_Issue='20150926-096' AND W_Type = '1' ) LIMIT 1   [ RunTime:0.0000s ]
SQL: SELECT * FROM `hx_win` WHERE ( W_Issue='20150926-017' AND W_Type = '1' ) LIMIT 1   [ RunTime:0.0000s ]
SQL: SELECT * FROM `hx_win` WHERE ( W_Issue='20150926-057' AND W_Type = '1' ) LIMIT 1   [ RunTime:0.0000s ]
SQL: SELECT * FROM `hx_win` WHERE ( W_Issue='20150926-018' AND W_Type = '1' ) LIMIT 1   [ RunTime:0.0000s ]
SQL: SELECT * FROM `hx_win` WHERE ( W_Issue='20150926-058' AND W_Type = '1' ) LIMIT 1   [ RunTime:0.0000s ]
SQL: SELECT * FROM `hx_win` WHERE ( W_Issue='20150926-019' AND W_Type = '1' ) LIMIT 1   [ RunTime:0.0156s ]
SQL: SELECT * FROM `hx_win` WHERE ( W_Issue='20150926-059' AND W_Type = '1' ) LIMIT 1   [ RunTime:0.0000s ]
SQL: SELECT * FROM `hx_win` WHERE ( W_Issue='20150926-020' AND W_Type = '1' ) LIMIT 1   [ RunTime:0.0000s ]
SQL: SELECT * FROM `hx_win` WHERE ( W_Issue='20150926-060' AND W_Type = '1' ) LIMIT 1   [ RunTime:0.0000s ]
SQL: SELECT * FROM `hx_win` WHERE ( W_Issue='20150926-021' AND W_Type = '1' ) LIMIT 1   [ RunTime:0.0000s ]
SQL: SELECT * FROM `hx_win` WHERE ( W_Issue='20150926-061' AND W_Type = '1' ) LIMIT 1   [ RunTime:0.0000s ]
SQL: SELECT * FROM `hx_win` WHERE ( W_Issue='20150926-022' AND W_Type = '1' ) LIMIT 1   [ RunTime:0.0000s ]
SQL: SELECT * FROM `hx_win` WHERE ( W_Issue='20150926-062' AND W_Type = '1' ) LIMIT 1   [ RunTime:0.0000s ]
SQL: SELECT * FROM `hx_win` WHERE ( W_Issue='20150926-023' AND W_Type = '1' ) LIMIT 1   [ RunTime:0.0000s ]
SQL: SELECT * FROM `hx_win` WHERE ( W_Issue='20150926-063' AND W_Type = '1' ) LIMIT 1   [ RunTime:0.0000s ]
SQL: SELECT * FROM `hx_win` WHERE ( W_Issue='20150926-024' AND W_Type = '1' ) LIMIT 1   [ RunTime:0.0000s ]
SQL: SELECT * FROM `hx_win` WHERE ( W_Issue='20150926-064' AND W_Type = '1' ) LIMIT 1   [ RunTime:0.0000s ]
SQL: SELECT * FROM `hx_win` WHERE ( W_Issue='20150926-025' AND W_Type = '1' ) LIMIT 1   [ RunTime:0.0000s ]
SQL: SELECT * FROM `hx_win` WHERE ( W_Issue='20150926-065' AND W_Type = '1' ) LIMIT 1   [ RunTime:0.0000s ]
SQL: SELECT * FROM `hx_win` WHERE ( W_Issue='20150926-026' AND W_Type = '1' ) LIMIT 1   [ RunTime:0.0000s ]
SQL: SELECT * FROM `hx_win` WHERE ( W_Issue='20150926-066' AND W_Type = '1' ) LIMIT 1   [ RunTime:0.0000s ]
SQL: SELECT * FROM `hx_win` WHERE ( W_Issue='20150926-027' AND W_Type = '1' ) LIMIT 1   [ RunTime:0.0000s ]
SQL: SELECT * FROM `hx_win` WHERE ( W_Issue='20150926-067' AND W_Type = '1' ) LIMIT 1   [ RunTime:0.0000s ]
SQL: SELECT * FROM `hx_win` WHERE ( W_Issue='20150926-028' AND W_Type = '1' ) LIMIT 1   [ RunTime:0.0000s ]
SQL: SELECT * FROM `hx_win` WHERE ( W_Issue='20150926-068' AND W_Type = '1' ) LIMIT 1   [ RunTime:0.0000s ]
SQL: SELECT * FROM `hx_win` WHERE ( W_Issue='20150926-029' AND W_Type = '1' ) LIMIT 1   [ RunTime:0.0000s ]
SQL: SELECT * FROM `hx_win` WHERE ( W_Issue='20150926-069' AND W_Type = '1' ) LIMIT 1   [ RunTime:0.0000s ]
SQL: SELECT * FROM `hx_win` WHERE ( W_Issue='20150926-030' AND W_Type = '1' ) LIMIT 1   [ RunTime:0.0000s ]
SQL: SELECT * FROM `hx_win` WHERE ( W_Issue='20150926-070' AND W_Type = '1' ) LIMIT 1   [ RunTime:0.0000s ]
SQL: SELECT * FROM `hx_win` WHERE ( W_Issue='20150926-031' AND W_Type = '1' ) LIMIT 1   [ RunTime:0.0000s ]
SQL: SELECT * FROM `hx_win` WHERE ( W_Issue='20150926-071' AND W_Type = '1' ) LIMIT 1   [ RunTime:0.0000s ]
SQL: SELECT * FROM `hx_win` WHERE ( W_Issue='20150926-032' AND W_Type = '1' ) LIMIT 1   [ RunTime:0.0000s ]
SQL: SELECT * FROM `hx_win` WHERE ( W_Issue='20150926-072' AND W_Type = '1' ) LIMIT 1   [ RunTime:0.0000s ]
SQL: SELECT * FROM `hx_win` WHERE ( W_Issue='20150926-033' AND W_Type = '1' ) LIMIT 1   [ RunTime:0.0000s ]
SQL: SELECT * FROM `hx_win` WHERE ( W_Issue='20150926-073' AND W_Type = '1' ) LIMIT 1   [ RunTime:0.0000s ]
SQL: SELECT * FROM `hx_win` WHERE ( W_Issue='20150926-034' AND W_Type = '1' ) LIMIT 1   [ RunTime:0.0000s ]
SQL: SELECT * FROM `hx_win` WHERE ( W_Issue='20150926-074' AND W_Type = '1' ) LIMIT 1   [ RunTime:0.0000s ]
SQL: SELECT * FROM `hx_win` WHERE ( W_Issue='20150926-035' AND W_Type = '1' ) LIMIT 1   [ RunTime:0.0000s ]
SQL: SELECT * FROM `hx_win` WHERE ( W_Issue='20150926-075' AND W_Type = '1' ) LIMIT 1   [ RunTime:0.0000s ]
SQL: SELECT * FROM `hx_win` WHERE ( W_Issue='20150926-036' AND W_Type = '1' ) LIMIT 1   [ RunTime:0.0000s ]
SQL: SELECT * FROM `hx_win` WHERE ( W_Issue='20150926-076' AND W_Type = '1' ) LIMIT 1   [ RunTime:0.0000s ]
SQL: SELECT * FROM `hx_win` WHERE ( W_Issue='20150926-037' AND W_Type = '1' ) LIMIT 1   [ RunTime:0.0000s ]
SQL: SELECT * FROM `hx_win` WHERE ( W_Issue='20150926-077' AND W_Type = '1' ) LIMIT 1   [ RunTime:0.0000s ]
SQL: SELECT * FROM `hx_win` WHERE ( W_Issue='20150926-038' AND W_Type = '1' ) LIMIT 1   [ RunTime:0.0000s ]
SQL: SELECT * FROM `hx_win` WHERE ( W_Issue='20150926-078' AND W_Type = '1' ) LIMIT 1   [ RunTime:0.0000s ]
SQL: SELECT * FROM `hx_win` WHERE ( W_Issue='20150926-039' AND W_Type = '1' ) LIMIT 1   [ RunTime:0.0000s ]
SQL: SELECT * FROM `hx_win` WHERE ( W_Issue='20150926-079' AND W_Type = '1' ) LIMIT 1   [ RunTime:0.0000s ]
SQL: SELECT * FROM `hx_win` WHERE ( W_Issue='20150926-040' AND W_Type = '1' ) LIMIT 1   [ RunTime:0.0000s ]
SQL: SELECT * FROM `hx_win` WHERE ( W_Issue='20150926-080' AND W_Type = '1' ) LIMIT 1   [ RunTime:0.0000s ]
INFO: [ app_end ] --START--
INFO: Run Behavior\ShowPageTraceBehavior [ RunTime:0.000000s ]
INFO: [ app_end ] --END-- [ RunTime:0.000000s ]

[ 2015-09-26T22:04:48+08:00 ] 103.224.250.73 /cj/index.php/Home/Index/work.html?laiyuan=caipiao163
INFO: [ app_init ] --START--
INFO: Run Behavior\BuildLiteBehavior [ RunTime:0.000000s ]
INFO: [ app_init ] --END-- [ RunTime:0.000000s ]
INFO: [ app_begin ] --START--
INFO: Run Behavior\ReadHtmlCacheBehavior [ RunTime:0.000000s ]
INFO: [ app_begin ] --END-- [ RunTime:0.000000s ]
SQL: SHOW COLUMNS FROM `hx_win` [ RunTime:0.0000s ]
NOTIC: [8] Undefined variable: param D:\wwwroot\Web\cj\Application\Home\Common\function.php 第 56 行.
SQL: SELECT * FROM `hx_win` WHERE ( W_Issue='20150926-001' AND W_Type = '1' ) LIMIT 1   [ RunTime:0.0000s ]
SQL: SELECT * FROM `hx_win` WHERE ( W_Issue='20150926-041' AND W_Type = '1' ) LIMIT 1   [ RunTime:0.0000s ]
SQL: SELECT * FROM `hx_win` WHERE ( W_Issue='20150926-081' AND W_Type = '1' ) LIMIT 1   [ RunTime:0.0000s ]
SQL: SELECT * FROM `hx_win` WHERE ( W_Issue='20150926-002' AND W_Type = '1' ) LIMIT 1   [ RunTime:0.0000s ]
SQL: SELECT * FROM `hx_win` WHERE ( W_Issue='20150926-042' AND W_Type = '1' ) LIMIT 1   [ RunTime:0.0000s ]
SQL: SELECT * FROM `hx_win` WHERE ( W_Issue='20150926-082' AND W_Type = '1' ) LIMIT 1   [ RunTime:0.0000s ]
SQL: SELECT * FROM `hx_win` WHERE ( W_Issue='20150926-003' AND W_Type = '1' ) LIMIT 1   [ RunTime:0.0000s ]
SQL: SELECT * FROM `hx_win` WHERE ( W_Issue='20150926-043' AND W_Type = '1' ) LIMIT 1   [ RunTime:0.0000s ]
SQL: SELECT * FROM `hx_win` WHERE ( W_Issue='20150926-083' AND W_Type = '1' ) LIMIT 1   [ RunTime:0.0000s ]
SQL: SELECT * FROM `hx_win` WHERE ( W_Issue='20150926-004' AND W_Type = '1' ) LIMIT 1   [ RunTime:0.0000s ]
SQL: SELECT * FROM `hx_win` WHERE ( W_Issue='20150926-044' AND W_Type = '1' ) LIMIT 1   [ RunTime:0.0000s ]
SQL: SELECT * FROM `hx_win` WHERE ( W_Issue='20150926-084' AND W_Type = '1' ) LIMIT 1   [ RunTime:0.0000s ]
SQL: SELECT * FROM `hx_win` WHERE ( W_Issue='20150926-005' AND W_Type = '1' ) LIMIT 1   [ RunTime:0.0000s ]
SQL: SELECT * FROM `hx_win` WHERE ( W_Issue='20150926-045' AND W_Type = '1' ) LIMIT 1   [ RunTime:0.0000s ]
SQL: SELECT * FROM `hx_win` WHERE ( W_Issue='20150926-085' AND W_Type = '1' ) LIMIT 1   [ RunTime:0.0000s ]
SQL: SELECT * FROM `hx_win` WHERE ( W_Issue='20150926-006' AND W_Type = '1' ) LIMIT 1   [ RunTime:0.0156s ]
SQL: SELECT * FROM `hx_win` WHERE ( W_Issue='20150926-046' AND W_Type = '1' ) LIMIT 1   [ RunTime:0.0000s ]
SQL: SELECT * FROM `hx_win` WHERE ( W_Issue='20150926-086' AND W_Type = '1' ) LIMIT 1   [ RunTime:0.0000s ]
SQL: SELECT * FROM `hx_win` WHERE ( W_Issue='20150926-007' AND W_Type = '1' ) LIMIT 1   [ RunTime:0.0000s ]
SQL: SELECT * FROM `hx_win` WHERE ( W_Issue='20150926-047' AND W_Type = '1' ) LIMIT 1   [ RunTime:0.0000s ]
SQL: SELECT * FROM `hx_win` WHERE ( W_Issue='20150926-087' AND W_Type = '1' ) LIMIT 1   [ RunTime:0.0000s ]
SQL: SELECT * FROM `hx_win` WHERE ( W_Issue='20150926-008' AND W_Type = '1' ) LIMIT 1   [ RunTime:0.0000s ]
SQL: SELECT * FROM `hx_win` WHERE ( W_Issue='20150926-048' AND W_Type = '1' ) LIMIT 1   [ RunTime:0.0000s ]
SQL: SELECT * FROM `hx_win` WHERE ( W_Issue='20150926-088' AND W_Type = '1' ) LIMIT 1   [ RunTime:0.0000s ]
SQL: SELECT * FROM `hx_win` WHERE ( W_Issue='20150926-009' AND W_Type = '1' ) LIMIT 1   [ RunTime:0.0000s ]
SQL: SELECT * FROM `hx_win` WHERE ( W_Issue='20150926-049' AND W_Type = '1' ) LIMIT 1   [ RunTime:0.0000s ]
SQL: SELECT * FROM `hx_win` WHERE ( W_Issue='20150926-089' AND W_Type = '1' ) LIMIT 1   [ RunTime:0.0000s ]
SQL: SELECT * FROM `hx_win` WHERE ( W_Issue='20150926-010' AND W_Type = '1' ) LIMIT 1   [ RunTime:0.0000s ]
SQL: SELECT * FROM `hx_win` WHERE ( W_Issue='20150926-050' AND W_Type = '1' ) LIMIT 1   [ RunTime:0.0000s ]
SQL: SELECT * FROM `hx_win` WHERE ( W_Issue='20150926-090' AND W_Type = '1' ) LIMIT 1   [ RunTime:0.0000s ]
SQL: SELECT * FROM `hx_win` WHERE ( W_Issue='20150926-011' AND W_Type = '1' ) LIMIT 1   [ RunTime:0.0000s ]
SQL: SELECT * FROM `hx_win` WHERE ( W_Issue='20150926-051' AND W_Type = '1' ) LIMIT 1   [ RunTime:0.0000s ]
SQL: SELECT * FROM `hx_win` WHERE ( W_Issue='20150926-091' AND W_Type = '1' ) LIMIT 1   [ RunTime:0.0000s ]
SQL: SELECT * FROM `hx_win` WHERE ( W_Issue='20150926-012' AND W_Type = '1' ) LIMIT 1   [ RunTime:0.0000s ]
SQL: SELECT * FROM `hx_win` WHERE ( W_Issue='20150926-052' AND W_Type = '1' ) LIMIT 1   [ RunTime:0.0000s ]
SQL: SELECT * FROM `hx_win` WHERE ( W_Issue='20150926-092' AND W_Type = '1' ) LIMIT 1   [ RunTime:0.0000s ]
SQL: SELECT * FROM `hx_win` WHERE ( W_Issue='20150926-013' AND W_Type = '1' ) LIMIT 1   [ RunTime:0.0000s ]
SQL: SELECT * FROM `hx_win` WHERE ( W_Issue='20150926-053' AND W_Type = '1' ) LIMIT 1   [ RunTime:0.0000s ]
SQL: SELECT * FROM `hx_win` WHERE ( W_Issue='20150926-093' AND W_Type = '1' ) LIMIT 1   [ RunTime:0.0000s ]
SQL: SELECT * FROM `hx_win` WHERE ( W_Issue='20150926-014' AND W_Type = '1' ) LIMIT 1   [ RunTime:0.0000s ]
SQL: SELECT * FROM `hx_win` WHERE ( W_Issue='20150926-054' AND W_Type = '1' ) LIMIT 1   [ RunTime:0.0000s ]
SQL: SELECT * FROM `hx_win` WHERE ( W_Issue='20150926-094' AND W_Type = '1' ) LIMIT 1   [ RunTime:0.0000s ]
SQL: SELECT * FROM `hx_win` WHERE ( W_Issue='20150926-015' AND W_Type = '1' ) LIMIT 1   [ RunTime:0.0000s ]
SQL: SELECT * FROM `hx_win` WHERE ( W_Issue='20150926-055' AND W_Type = '1' ) LIMIT 1   [ RunTime:0.0000s ]
SQL: SELECT * FROM `hx_win` WHERE ( W_Issue='20150926-095' AND W_Type = '1' ) LIMIT 1   [ RunTime:0.0000s ]
SQL: SELECT * FROM `hx_win` WHERE ( W_Issue='20150926-016' AND W_Type = '1' ) LIMIT 1   [ RunTime:0.0000s ]
SQL: SELECT * FROM `hx_win` WHERE ( W_Issue='20150926-056' AND W_Type = '1' ) LIMIT 1   [ RunTime:0.0156s ]
SQL: SELECT * FROM `hx_win` WHERE ( W_Issue='20150926-096' AND W_Type = '1' ) LIMIT 1   [ RunTime:0.0000s ]
SQL: SELECT * FROM `hx_win` WHERE ( W_Issue='20150926-017' AND W_Type = '1' ) LIMIT 1   [ RunTime:0.0000s ]
SQL: SELECT * FROM `hx_win` WHERE ( W_Issue='20150926-057' AND W_Type = '1' ) LIMIT 1   [ RunTime:0.0000s ]
SQL: SELECT * FROM `hx_win` WHERE ( W_Issue='20150926-018' AND W_Type = '1' ) LIMIT 1   [ RunTime:0.0000s ]
SQL: SELECT * FROM `hx_win` WHERE ( W_Issue='20150926-058' AND W_Type = '1' ) LIMIT 1   [ RunTime:0.0000s ]
SQL: SELECT * FROM `hx_win` WHERE ( W_Issue='20150926-019' AND W_Type = '1' ) LIMIT 1   [ RunTime:0.0000s ]
SQL: SELECT * FROM `hx_win` WHERE ( W_Issue='20150926-059' AND W_Type = '1' ) LIMIT 1   [ RunTime:0.0000s ]
SQL: SELECT * FROM `hx_win` WHERE ( W_Issue='20150926-020' AND W_Type = '1' ) LIMIT 1   [ RunTime:0.0000s ]
SQL: SELECT * FROM `hx_win` WHERE ( W_Issue='20150926-060' AND W_Type = '1' ) LIMIT 1   [ RunTime:0.0000s ]
SQL: SELECT * FROM `hx_win` WHERE ( W_Issue='20150926-021' AND W_Type = '1' ) LIMIT 1   [ RunTime:0.0000s ]
SQL: SELECT * FROM `hx_win` WHERE ( W_Issue='20150926-061' AND W_Type = '1' ) LIMIT 1   [ RunTime:0.0000s ]
SQL: SELECT * FROM `hx_win` WHERE ( W_Issue='20150926-022' AND W_Type = '1' ) LIMIT 1   [ RunTime:0.0000s ]
SQL: SELECT * FROM `hx_win` WHERE ( W_Issue='20150926-062' AND W_Type = '1' ) LIMIT 1   [ RunTime:0.0000s ]
SQL: SELECT * FROM `hx_win` WHERE ( W_Issue='20150926-023' AND W_Type = '1' ) LIMIT 1   [ RunTime:0.0000s ]
SQL: SELECT * FROM `hx_win` WHERE ( W_Issue='20150926-063' AND W_Type = '1' ) LIMIT 1   [ RunTime:0.0000s ]
SQL: SELECT * FROM `hx_win` WHERE ( W_Issue='20150926-024' AND W_Type = '1' ) LIMIT 1   [ RunTime:0.0000s ]
SQL: SELECT * FROM `hx_win` WHERE ( W_Issue='20150926-064' AND W_Type = '1' ) LIMIT 1   [ RunTime:0.0000s ]
SQL: SELECT * FROM `hx_win` WHERE ( W_Issue='20150926-025' AND W_Type = '1' ) LIMIT 1   [ RunTime:0.0000s ]
SQL: SELECT * FROM `hx_win` WHERE ( W_Issue='20150926-065' AND W_Type = '1' ) LIMIT 1   [ RunTime:0.0000s ]
SQL: SELECT * FROM `hx_win` WHERE ( W_Issue='20150926-026' AND W_Type = '1' ) LIMIT 1   [ RunTime:0.0000s ]
SQL: SELECT * FROM `hx_win` WHERE ( W_Issue='20150926-066' AND W_Type = '1' ) LIMIT 1   [ RunTime:0.0000s ]
SQL: SELECT * FROM `hx_win` WHERE ( W_Issue='20150926-027' AND W_Type = '1' ) LIMIT 1   [ RunTime:0.0000s ]
SQL: SELECT * FROM `hx_win` WHERE ( W_Issue='20150926-067' AND W_Type = '1' ) LIMIT 1   [ RunTime:0.0000s ]
SQL: SELECT * FROM `hx_win` WHERE ( W_Issue='20150926-028' AND W_Type = '1' ) LIMIT 1   [ RunTime:0.0000s ]
SQL: SELECT * FROM `hx_win` WHERE ( W_Issue='20150926-068' AND W_Type = '1' ) LIMIT 1   [ RunTime:0.0000s ]
SQL: SELECT * FROM `hx_win` WHERE ( W_Issue='20150926-029' AND W_Type = '1' ) LIMIT 1   [ RunTime:0.0000s ]
SQL: SELECT * FROM `hx_win` WHERE ( W_Issue='20150926-069' AND W_Type = '1' ) LIMIT 1   [ RunTime:0.0000s ]
SQL: SELECT * FROM `hx_win` WHERE ( W_Issue='20150926-030' AND W_Type = '1' ) LIMIT 1   [ RunTime:0.0000s ]
SQL: SELECT * FROM `hx_win` WHERE ( W_Issue='20150926-070' AND W_Type = '1' ) LIMIT 1   [ RunTime:0.0000s ]
SQL: SELECT * FROM `hx_win` WHERE ( W_Issue='20150926-031' AND W_Type = '1' ) LIMIT 1   [ RunTime:0.0000s ]
SQL: SELECT * FROM `hx_win` WHERE ( W_Issue='20150926-071' AND W_Type = '1' ) LIMIT 1   [ RunTime:0.0000s ]
SQL: SELECT * FROM `hx_win` WHERE ( W_Issue='20150926-032' AND W_Type = '1' ) LIMIT 1   [ RunTime:0.0000s ]
SQL: SELECT * FROM `hx_win` WHERE ( W_Issue='20150926-072' AND W_Type = '1' ) LIMIT 1   [ RunTime:0.0000s ]
SQL: SELECT * FROM `hx_win` WHERE ( W_Issue='20150926-033' AND W_Type = '1' ) LIMIT 1   [ RunTime:0.0000s ]
SQL: SELECT * FROM `hx_win` WHERE ( W_Issue='20150926-073' AND W_Type = '1' ) LIMIT 1   [ RunTime:0.0000s ]
SQL: SELECT * FROM `hx_win` WHERE ( W_Issue='20150926-034' AND W_Type = '1' ) LIMIT 1   [ RunTime:0.0000s ]
SQL: SELECT * FROM `hx_win` WHERE ( W_Issue='20150926-074' AND W_Type = '1' ) LIMIT 1   [ RunTime:0.0000s ]
SQL: SELECT * FROM `hx_win` WHERE ( W_Issue='20150926-035' AND W_Type = '1' ) LIMIT 1   [ RunTime:0.0000s ]
SQL: SELECT * FROM `hx_win` WHERE ( W_Issue='20150926-075' AND W_Type = '1' ) LIMIT 1   [ RunTime:0.0000s ]
SQL: SELECT * FROM `hx_win` WHERE ( W_Issue='20150926-036' AND W_Type = '1' ) LIMIT 1   [ RunTime:0.0000s ]
SQL: SELECT * FROM `hx_win` WHERE ( W_Issue='20150926-076' AND W_Type = '1' ) LIMIT 1   [ RunTime:0.0000s ]
SQL: SELECT * FROM `hx_win` WHERE ( W_Issue='20150926-037' AND W_Type = '1' ) LIMIT 1   [ RunTime:0.0000s ]
SQL: SELECT * FROM `hx_win` WHERE ( W_Issue='20150926-077' AND W_Type = '1' ) LIMIT 1   [ RunTime:0.0000s ]
SQL: SELECT * FROM `hx_win` WHERE ( W_Issue='20150926-038' AND W_Type = '1' ) LIMIT 1   [ RunTime:0.0000s ]
SQL: SELECT * FROM `hx_win` WHERE ( W_Issue='20150926-078' AND W_Type = '1' ) LIMIT 1   [ RunTime:0.0000s ]
SQL: SELECT * FROM `hx_win` WHERE ( W_Issue='20150926-039' AND W_Type = '1' ) LIMIT 1   [ RunTime:0.0000s ]
SQL: SELECT * FROM `hx_win` WHERE ( W_Issue='20150926-079' AND W_Type = '1' ) LIMIT 1   [ RunTime:0.0000s ]
SQL: SELECT * FROM `hx_win` WHERE ( W_Issue='20150926-040' AND W_Type = '1' ) LIMIT 1   [ RunTime:0.0000s ]
SQL: SELECT * FROM `hx_win` WHERE ( W_Issue='20150926-080' AND W_Type = '1' ) LIMIT 1   [ RunTime:0.0000s ]
INFO: [ app_end ] --START--
INFO: Run Behavior\ShowPageTraceBehavior [ RunTime:0.000000s ]
INFO: [ app_end ] --END-- [ RunTime:0.000000s ]

[ 2015-09-26T22:05:07+08:00 ] 103.224.250.73 /cj/index.php/Home/Index/work.html?laiyuan=caipiao163
INFO: [ app_init ] --START--
INFO: Run Behavior\BuildLiteBehavior [ RunTime:0.000000s ]
INFO: [ app_init ] --END-- [ RunTime:0.000000s ]
INFO: [ app_begin ] --START--
INFO: Run Behavior\ReadHtmlCacheBehavior [ RunTime:0.015625s ]
INFO: [ app_begin ] --END-- [ RunTime:0.015625s ]
SQL: SHOW COLUMNS FROM `hx_win` [ RunTime:0.0000s ]
NOTIC: [8] Undefined variable: param D:\wwwroot\Web\cj\Application\Home\Common\function.php 第 56 行.
SQL: SELECT * FROM `hx_win` WHERE ( W_Issue='20150926-001' AND W_Type = '1' ) LIMIT 1   [ RunTime:0.0000s ]
SQL: SELECT * FROM `hx_win` WHERE ( W_Issue='20150926-041' AND W_Type = '1' ) LIMIT 1   [ RunTime:0.0000s ]
SQL: SELECT * FROM `hx_win` WHERE ( W_Issue='20150926-081' AND W_Type = '1' ) LIMIT 1   [ RunTime:0.0000s ]
SQL: SELECT * FROM `hx_win` WHERE ( W_Issue='20150926-002' AND W_Type = '1' ) LIMIT 1   [ RunTime:0.0000s ]
SQL: SELECT * FROM `hx_win` WHERE ( W_Issue='20150926-042' AND W_Type = '1' ) LIMIT 1   [ RunTime:0.0000s ]
SQL: SELECT * FROM `hx_win` WHERE ( W_Issue='20150926-082' AND W_Type = '1' ) LIMIT 1   [ RunTime:0.0000s ]
SQL: SELECT * FROM `hx_win` WHERE ( W_Issue='20150926-003' AND W_Type = '1' ) LIMIT 1   [ RunTime:0.0000s ]
SQL: SELECT * FROM `hx_win` WHERE ( W_Issue='20150926-043' AND W_Type = '1' ) LIMIT 1   [ RunTime:0.0000s ]
SQL: SELECT * FROM `hx_win` WHERE ( W_Issue='20150926-083' AND W_Type = '1' ) LIMIT 1   [ RunTime:0.0000s ]
SQL: SELECT * FROM `hx_win` WHERE ( W_Issue='20150926-004' AND W_Type = '1' ) LIMIT 1   [ RunTime:0.0156s ]
SQL: SELECT * FROM `hx_win` WHERE ( W_Issue='20150926-044' AND W_Type = '1' ) LIMIT 1   [ RunTime:0.0000s ]
SQL: SELECT * FROM `hx_win` WHERE ( W_Issue='20150926-084' AND W_Type = '1' ) LIMIT 1   [ RunTime:0.0000s ]
SQL: SELECT * FROM `hx_win` WHERE ( W_Issue='20150926-005' AND W_Type = '1' ) LIMIT 1   [ RunTime:0.0000s ]
SQL: SELECT * FROM `hx_win` WHERE ( W_Issue='20150926-045' AND W_Type = '1' ) LIMIT 1   [ RunTime:0.0000s ]
SQL: SELECT * FROM `hx_win` WHERE ( W_Issue='20150926-085' AND W_Type = '1' ) LIMIT 1   [ RunTime:0.0000s ]
SQL: SELECT * FROM `hx_win` WHERE ( W_Issue='20150926-006' AND W_Type = '1' ) LIMIT 1   [ RunTime:0.0000s ]
SQL: SELECT * FROM `hx_win` WHERE ( W_Issue='20150926-046' AND W_Type = '1' ) LIMIT 1   [ RunTime:0.0000s ]
SQL: SELECT * FROM `hx_win` WHERE ( W_Issue='20150926-086' AND W_Type = '1' ) LIMIT 1   [ RunTime:0.0000s ]
SQL: SELECT * FROM `hx_win` WHERE ( W_Issue='20150926-007' AND W_Type = '1' ) LIMIT 1   [ RunTime:0.0000s ]
SQL: SELECT * FROM `hx_win` WHERE ( W_Issue='20150926-047' AND W_Type = '1' ) LIMIT 1   [ RunTime:0.0000s ]
SQL: SELECT * FROM `hx_win` WHERE ( W_Issue='20150926-087' AND W_Type = '1' ) LIMIT 1   [ RunTime:0.0000s ]
SQL: SELECT * FROM `hx_win` WHERE ( W_Issue='20150926-008' AND W_Type = '1' ) LIMIT 1   [ RunTime:0.0000s ]
SQL: SELECT * FROM `hx_win` WHERE ( W_Issue='20150926-048' AND W_Type = '1' ) LIMIT 1   [ RunTime:0.0000s ]
SQL: SELECT * FROM `hx_win` WHERE ( W_Issue='20150926-088' AND W_Type = '1' ) LIMIT 1   [ RunTime:0.0000s ]
SQL: SELECT * FROM `hx_win` WHERE ( W_Issue='20150926-009' AND W_Type = '1' ) LIMIT 1   [ RunTime:0.0000s ]
SQL: SELECT * FROM `hx_win` WHERE ( W_Issue='20150926-049' AND W_Type = '1' ) LIMIT 1   [ RunTime:0.0000s ]
SQL: SELECT * FROM `hx_win` WHERE ( W_Issue='20150926-089' AND W_Type = '1' ) LIMIT 1   [ RunTime:0.0000s ]
SQL: SELECT * FROM `hx_win` WHERE ( W_Issue='20150926-010' AND W_Type = '1' ) LIMIT 1   [ RunTime:0.0000s ]
SQL: SELECT * FROM `hx_win` WHERE ( W_Issue='20150926-050' AND W_Type = '1' ) LIMIT 1   [ RunTime:0.0000s ]
SQL: SELECT * FROM `hx_win` WHERE ( W_Issue='20150926-090' AND W_Type = '1' ) LIMIT 1   [ RunTime:0.0000s ]
SQL: SELECT * FROM `hx_win` WHERE ( W_Issue='20150926-011' AND W_Type = '1' ) LIMIT 1   [ RunTime:0.0000s ]
SQL: SELECT * FROM `hx_win` WHERE ( W_Issue='20150926-051' AND W_Type = '1' ) LIMIT 1   [ RunTime:0.0000s ]
SQL: SELECT * FROM `hx_win` WHERE ( W_Issue='20150926-091' AND W_Type = '1' ) LIMIT 1   [ RunTime:0.0000s ]
SQL: SELECT * FROM `hx_win` WHERE ( W_Issue='20150926-012' AND W_Type = '1' ) LIMIT 1   [ RunTime:0.0000s ]
SQL: SELECT * FROM `hx_win` WHERE ( W_Issue='20150926-052' AND W_Type = '1' ) LIMIT 1   [ RunTime:0.0000s ]
SQL: SELECT * FROM `hx_win` WHERE ( W_Issue='20150926-092' AND W_Type = '1' ) LIMIT 1   [ RunTime:0.0000s ]
SQL: SELECT * FROM `hx_win` WHERE ( W_Issue='20150926-013' AND W_Type = '1' ) LIMIT 1   [ RunTime:0.0000s ]
SQL: SELECT * FROM `hx_win` WHERE ( W_Issue='20150926-053' AND W_Type = '1' ) LIMIT 1   [ RunTime:0.0000s ]
SQL: SELECT * FROM `hx_win` WHERE ( W_Issue='20150926-093' AND W_Type = '1' ) LIMIT 1   [ RunTime:0.0000s ]
SQL: SELECT * FROM `hx_win` WHERE ( W_Issue='20150926-014' AND W_Type = '1' ) LIMIT 1   [ RunTime:0.0156s ]
SQL: SELECT * FROM `hx_win` WHERE ( W_Issue='20150926-054' AND W_Type = '1' ) LIMIT 1   [ RunTime:0.0000s ]
SQL: SELECT * FROM `hx_win` WHERE ( W_Issue='20150926-094' AND W_Type = '1' ) LIMIT 1   [ RunTime:0.0000s ]
SQL: SELECT * FROM `hx_win` WHERE ( W_Issue='20150926-015' AND W_Type = '1' ) LIMIT 1   [ RunTime:0.0000s ]
SQL: SELECT * FROM `hx_win` WHERE ( W_Issue='20150926-055' AND W_Type = '1' ) LIMIT 1   [ RunTime:0.0000s ]
SQL: SELECT * FROM `hx_win` WHERE ( W_Issue='20150926-095' AND W_Type = '1' ) LIMIT 1   [ RunTime:0.0000s ]
SQL: SELECT * FROM `hx_win` WHERE ( W_Issue='20150926-016' AND W_Type = '1' ) LIMIT 1   [ RunTime:0.0000s ]
SQL: SELECT * FROM `hx_win` WHERE ( W_Issue='20150926-056' AND W_Type = '1' ) LIMIT 1   [ RunTime:0.0000s ]
SQL: SELECT * FROM `hx_win` WHERE ( W_Issue='20150926-096' AND W_Type = '1' ) LIMIT 1   [ RunTime:0.0000s ]
SQL: SELECT * FROM `hx_win` WHERE ( W_Issue='20150926-017' AND W_Type = '1' ) LIMIT 1   [ RunTime:0.0000s ]
SQL: SELECT * FROM `hx_win` WHERE ( W_Issue='20150926-057' AND W_Type = '1' ) LIMIT 1   [ RunTime:0.0000s ]
SQL: SELECT * FROM `hx_win` WHERE ( W_Issue='20150926-018' AND W_Type = '1' ) LIMIT 1   [ RunTime:0.0000s ]
SQL: SELECT * FROM `hx_win` WHERE ( W_Issue='20150926-058' AND W_Type = '1' ) LIMIT 1   [ RunTime:0.0000s ]
SQL: SELECT * FROM `hx_win` WHERE ( W_Issue='20150926-019' AND W_Type = '1' ) LIMIT 1   [ RunTime:0.0000s ]
SQL: SELECT * FROM `hx_win` WHERE ( W_Issue='20150926-059' AND W_Type = '1' ) LIMIT 1   [ RunTime:0.0000s ]
SQL: SELECT * FROM `hx_win` WHERE ( W_Issue='20150926-020' AND W_Type = '1' ) LIMIT 1   [ RunTime:0.0000s ]
SQL: SELECT * FROM `hx_win` WHERE ( W_Issue='20150926-060' AND W_Type = '1' ) LIMIT 1   [ RunTime:0.0000s ]
SQL: SELECT * FROM `hx_win` WHERE ( W_Issue='20150926-021' AND W_Type = '1' ) LIMIT 1   [ RunTime:0.0000s ]
SQL: SELECT * FROM `hx_win` WHERE ( W_Issue='20150926-061' AND W_Type = '1' ) LIMIT 1   [ RunTime:0.0000s ]
SQL: SELECT * FROM `hx_win` WHERE ( W_Issue='20150926-022' AND W_Type = '1' ) LIMIT 1   [ RunTime:0.0000s ]
SQL: SELECT * FROM `hx_win` WHERE ( W_Issue='20150926-062' AND W_Type = '1' ) LIMIT 1   [ RunTime:0.0000s ]
SQL: SELECT * FROM `hx_win` WHERE ( W_Issue='20150926-023' AND W_Type = '1' ) LIMIT 1   [ RunTime:0.0000s ]
SQL: SELECT * FROM `hx_win` WHERE ( W_Issue='20150926-063' AND W_Type = '1' ) LIMIT 1   [ RunTime:0.0000s ]
SQL: SELECT * FROM `hx_win` WHERE ( W_Issue='20150926-024' AND W_Type = '1' ) LIMIT 1   [ RunTime:0.0000s ]
SQL: SELECT * FROM `hx_win` WHERE ( W_Issue='20150926-064' AND W_Type = '1' ) LIMIT 1   [ RunTime:0.0000s ]
SQL: SELECT * FROM `hx_win` WHERE ( W_Issue='20150926-025' AND W_Type = '1' ) LIMIT 1   [ RunTime:0.0000s ]
SQL: SELECT * FROM `hx_win` WHERE ( W_Issue='20150926-065' AND W_Type = '1' ) LIMIT 1   [ RunTime:0.0000s ]
SQL: SELECT * FROM `hx_win` WHERE ( W_Issue='20150926-026' AND W_Type = '1' ) LIMIT 1   [ RunTime:0.0000s ]
SQL: SELECT * FROM `hx_win` WHERE ( W_Issue='20150926-066' AND W_Type = '1' ) LIMIT 1   [ RunTime:0.0000s ]
SQL: SELECT * FROM `hx_win` WHERE ( W_Issue='20150926-027' AND W_Type = '1' ) LIMIT 1   [ RunTime:0.0000s ]
SQL: SELECT * FROM `hx_win` WHERE ( W_Issue='20150926-067' AND W_Type = '1' ) LIMIT 1   [ RunTime:0.0156s ]
SQL: SELECT * FROM `hx_win` WHERE ( W_Issue='20150926-028' AND W_Type = '1' ) LIMIT 1   [ RunTime:0.0000s ]
SQL: SELECT * FROM `hx_win` WHERE ( W_Issue='20150926-068' AND W_Type = '1' ) LIMIT 1   [ RunTime:0.0000s ]
SQL: SELECT * FROM `hx_win` WHERE ( W_Issue='20150926-029' AND W_Type = '1' ) LIMIT 1   [ RunTime:0.0000s ]
SQL: SELECT * FROM `hx_win` WHERE ( W_Issue='20150926-069' AND W_Type = '1' ) LIMIT 1   [ RunTime:0.0000s ]
SQL: SELECT * FROM `hx_win` WHERE ( W_Issue='20150926-030' AND W_Type = '1' ) LIMIT 1   [ RunTime:0.0000s ]
SQL: SELECT * FROM `hx_win` WHERE ( W_Issue='20150926-070' AND W_Type = '1' ) LIMIT 1   [ RunTime:0.0000s ]
SQL: SELECT * FROM `hx_win` WHERE ( W_Issue='20150926-031' AND W_Type = '1' ) LIMIT 1   [ RunTime:0.0000s ]
SQL: SELECT * FROM `hx_win` WHERE ( W_Issue='20150926-071' AND W_Type = '1' ) LIMIT 1   [ RunTime:0.0000s ]
SQL: SELECT * FROM `hx_win` WHERE ( W_Issue='20150926-032' AND W_Type = '1' ) LIMIT 1   [ RunTime:0.0000s ]
SQL: SELECT * FROM `hx_win` WHERE ( W_Issue='20150926-072' AND W_Type = '1' ) LIMIT 1   [ RunTime:0.0000s ]
SQL: SELECT * FROM `hx_win` WHERE ( W_Issue='20150926-033' AND W_Type = '1' ) LIMIT 1   [ RunTime:0.0000s ]
SQL: SELECT * FROM `hx_win` WHERE ( W_Issue='20150926-073' AND W_Type = '1' ) LIMIT 1   [ RunTime:0.0000s ]
SQL: SELECT * FROM `hx_win` WHERE ( W_Issue='20150926-034' AND W_Type = '1' ) LIMIT 1   [ RunTime:0.0000s ]
SQL: SELECT * FROM `hx_win` WHERE ( W_Issue='20150926-074' AND W_Type = '1' ) LIMIT 1   [ RunTime:0.0000s ]
SQL: SELECT * FROM `hx_win` WHERE ( W_Issue='20150926-035' AND W_Type = '1' ) LIMIT 1   [ RunTime:0.0000s ]
SQL: SELECT * FROM `hx_win` WHERE ( W_Issue='20150926-075' AND W_Type = '1' ) LIMIT 1   [ RunTime:0.0000s ]
SQL: SELECT * FROM `hx_win` WHERE ( W_Issue='20150926-036' AND W_Type = '1' ) LIMIT 1   [ RunTime:0.0000s ]
SQL: SELECT * FROM `hx_win` WHERE ( W_Issue='20150926-076' AND W_Type = '1' ) LIMIT 1   [ RunTime:0.0000s ]
SQL: SELECT * FROM `hx_win` WHERE ( W_Issue='20150926-037' AND W_Type = '1' ) LIMIT 1   [ RunTime:0.0000s ]
SQL: SELECT * FROM `hx_win` WHERE ( W_Issue='20150926-077' AND W_Type = '1' ) LIMIT 1   [ RunTime:0.0000s ]
SQL: SELECT * FROM `hx_win` WHERE ( W_Issue='20150926-038' AND W_Type = '1' ) LIMIT 1   [ RunTime:0.0000s ]
SQL: SELECT * FROM `hx_win` WHERE ( W_Issue='20150926-078' AND W_Type = '1' ) LIMIT 1   [ RunTime:0.0000s ]
SQL: SELECT * FROM `hx_win` WHERE ( W_Issue='20150926-039' AND W_Type = '1' ) LIMIT 1   [ RunTime:0.0000s ]
SQL: SELECT * FROM `hx_win` WHERE ( W_Issue='20150926-079' AND W_Type = '1' ) LIMIT 1   [ RunTime:0.0000s ]
SQL: SELECT * FROM `hx_win` WHERE ( W_Issue='20150926-040' AND W_Type = '1' ) LIMIT 1   [ RunTime:0.0000s ]
SQL: SELECT * FROM `hx_win` WHERE ( W_Issue='20150926-080' AND W_Type = '1' ) LIMIT 1   [ RunTime:0.0000s ]
INFO: [ app_end ] --START--
INFO: Run Behavior\ShowPageTraceBehavior [ RunTime:0.015625s ]
INFO: [ app_end ] --END-- [ RunTime:0.015625s ]

[ 2015-09-26T22:05:41+08:00 ] 103.224.250.73 /cj/index.php/Home/Index/work.html?laiyuan=caipiao163
INFO: [ app_init ] --START--
INFO: Run Behavior\BuildLiteBehavior [ RunTime:0.000000s ]
INFO: [ app_init ] --END-- [ RunTime:0.000000s ]
INFO: [ app_begin ] --START--
INFO: Run Behavior\ReadHtmlCacheBehavior [ RunTime:0.000000s ]
INFO: [ app_begin ] --END-- [ RunTime:0.000000s ]
SQL: SHOW COLUMNS FROM `hx_win` [ RunTime:0.0000s ]
NOTIC: [8] Undefined variable: param D:\wwwroot\Web\cj\Application\Home\Common\function.php 第 56 行.
SQL: SELECT * FROM `hx_win` WHERE ( W_Issue='20150926-001' AND W_Type = '1' ) LIMIT 1   [ RunTime:0.1406s ]
SQL: SELECT * FROM `hx_win` WHERE ( W_Issue='20150926-041' AND W_Type = '1' ) LIMIT 1   [ RunTime:0.1250s ]
SQL: SELECT * FROM `hx_win` WHERE ( W_Issue='20150926-081' AND W_Type = '1' ) LIMIT 1   [ RunTime:0.1406s ]
SQL: SELECT * FROM `hx_win` WHERE ( W_Issue='20150926-002' AND W_Type = '1' ) LIMIT 1   [ RunTime:0.1406s ]
SQL: SELECT * FROM `hx_win` WHERE ( W_Issue='20150926-042' AND W_Type = '1' ) LIMIT 1   [ RunTime:0.1563s ]
SQL: SELECT * FROM `hx_win` WHERE ( W_Issue='20150926-082' AND W_Type = '1' ) LIMIT 1   [ RunTime:0.1406s ]
SQL: SELECT * FROM `hx_win` WHERE ( W_Issue='20150926-003' AND W_Type = '1' ) LIMIT 1   [ RunTime:0.1406s ]
SQL: SELECT * FROM `hx_win` WHERE ( W_Issue='20150926-043' AND W_Type = '1' ) LIMIT 1   [ RunTime:0.1406s ]
SQL: SELECT * FROM `hx_win` WHERE ( W_Issue='20150926-083' AND W_Type = '1' ) LIMIT 1   [ RunTime:0.1250s ]
SQL: SELECT * FROM `hx_win` WHERE ( W_Issue='20150926-004' AND W_Type = '1' ) LIMIT 1   [ RunTime:0.1406s ]
SQL: SELECT * FROM `hx_win` WHERE ( W_Issue='20150926-044' AND W_Type = '1' ) LIMIT 1   [ RunTime:0.1406s ]
SQL: SELECT * FROM `hx_win` WHERE ( W_Issue='20150926-084' AND W_Type = '1' ) LIMIT 1   [ RunTime:0.1250s ]
SQL: SELECT * FROM `hx_win` WHERE ( W_Issue='20150926-005' AND W_Type = '1' ) LIMIT 1   [ RunTime:0.1250s ]
SQL: SELECT * FROM `hx_win` WHERE ( W_Issue='20150926-045' AND W_Type = '1' ) LIMIT 1   [ RunTime:0.1250s ]
SQL: SELECT * FROM `hx_win` WHERE ( W_Issue='20150926-085' AND W_Type = '1' ) LIMIT 1   [ RunTime:0.1406s ]
SQL: SELECT * FROM `hx_win` WHERE ( W_Issue='20150926-006' AND W_Type = '1' ) LIMIT 1   [ RunTime:0.1406s ]
SQL: SELECT * FROM `hx_win` WHERE ( W_Issue='20150926-046' AND W_Type = '1' ) LIMIT 1   [ RunTime:0.1563s ]
SQL: SELECT * FROM `hx_win` WHERE ( W_Issue='20150926-086' AND W_Type = '1' ) LIMIT 1   [ RunTime:0.1406s ]
SQL: SELECT * FROM `hx_win` WHERE ( W_Issue='20150926-007' AND W_Type = '1' ) LIMIT 1   [ RunTime:0.1406s ]
SQL: SELECT * FROM `hx_win` WHERE ( W_Issue='20150926-047' AND W_Type = '1' ) LIMIT 1   [ RunTime:0.1406s ]
SQL: SELECT * FROM `hx_win` WHERE ( W_Issue='20150926-087' AND W_Type = '1' ) LIMIT 1   [ RunTime:0.1094s ]
SQL: SELECT * FROM `hx_win` WHERE ( W_Issue='20150926-008' AND W_Type = '1' ) LIMIT 1   [ RunTime:0.1563s ]
SQL: SELECT * FROM `hx_win` WHERE ( W_Issue='20150926-048' AND W_Type = '1' ) LIMIT 1   [ RunTime:0.1406s ]
SQL: SELECT * FROM `hx_win` WHERE ( W_Issue='20150926-088' AND W_Type = '1' ) LIMIT 1   [ RunTime:0.1563s ]
SQL: SELECT * FROM `hx_win` WHERE ( W_Issue='20150926-009' AND W_Type = '1' ) LIMIT 1   [ RunTime:0.1563s ]
SQL: SELECT * FROM `hx_win` WHERE ( W_Issue='20150926-049' AND W_Type = '1' ) LIMIT 1   [ RunTime:0.1406s ]
SQL: SELECT * FROM `hx_win` WHERE ( W_Issue='20150926-089' AND W_Type = '1' ) LIMIT 1   [ RunTime:0.1406s ]
SQL: SELECT * FROM `hx_win` WHERE ( W_Issue='20150926-010' AND W_Type = '1' ) LIMIT 1   [ RunTime:0.1406s ]
SQL: SELECT * FROM `hx_win` WHERE ( W_Issue='20150926-050' AND W_Type = '1' ) LIMIT 1   [ RunTime:0.1406s ]
SQL: SELECT * FROM `hx_win` WHERE ( W_Issue='20150926-090' AND W_Type = '1' ) LIMIT 1   [ RunTime:0.1406s ]
SQL: SELECT * FROM `hx_win` WHERE ( W_Issue='20150926-011' AND W_Type = '1' ) LIMIT 1   [ RunTime:0.1406s ]
SQL: SELECT * FROM `hx_win` WHERE ( W_Issue='20150926-051' AND W_Type = '1' ) LIMIT 1   [ RunTime:0.1406s ]
SQL: SELECT * FROM `hx_win` WHERE ( W_Issue='20150926-091' AND W_Type = '1' ) LIMIT 1   [ RunTime:0.1406s ]
SQL: SELECT * FROM `hx_win` WHERE ( W_Issue='20150926-012' AND W_Type = '1' ) LIMIT 1   [ RunTime:0.1406s ]
SQL: SELECT * FROM `hx_win` WHERE ( W_Issue='20150926-052' AND W_Type = '1' ) LIMIT 1   [ RunTime:0.1719s ]
SQL: SELECT * FROM `hx_win` WHERE ( W_Issue='20150926-092' AND W_Type = '1' ) LIMIT 1   [ RunTime:0.1719s ]
SQL: SELECT * FROM `hx_win` WHERE ( W_Issue='20150926-013' AND W_Type = '1' ) LIMIT 1   [ RunTime:0.1563s ]
SQL: SELECT * FROM `hx_win` WHERE ( W_Issue='20150926-053' AND W_Type = '1' ) LIMIT 1   [ RunTime:0.1406s ]
SQL: SELECT * FROM `hx_win` WHERE ( W_Issue='20150926-093' AND W_Type = '1' ) LIMIT 1   [ RunTime:0.1406s ]
SQL: SELECT * FROM `hx_win` WHERE ( W_Issue='20150926-014' AND W_Type = '1' ) LIMIT 1   [ RunTime:0.1406s ]
SQL: SELECT * FROM `hx_win` WHERE ( W_Issue='20150926-054' AND W_Type = '1' ) LIMIT 1   [ RunTime:0.1250s ]
SQL: SELECT * FROM `hx_win` WHERE ( W_Issue='20150926-094' AND W_Type = '1' ) LIMIT 1   [ RunTime:0.1406s ]
SQL: SELECT * FROM `hx_win` WHERE ( W_Issue='20150926-015' AND W_Type = '1' ) LIMIT 1   [ RunTime:0.1563s ]
SQL: SELECT * FROM `hx_win` WHERE ( W_Issue='20150926-055' AND W_Type = '1' ) LIMIT 1   [ RunTime:0.1406s ]
SQL: SELECT * FROM `hx_win` WHERE ( W_Issue='20150926-095' AND W_Type = '1' ) LIMIT 1   [ RunTime:0.1563s ]
SQL: SELECT * FROM `hx_win` WHERE ( W_Issue='20150926-016' AND W_Type = '1' ) LIMIT 1   [ RunTime:0.1406s ]
SQL: SELECT * FROM `hx_win` WHERE ( W_Issue='20150926-056' AND W_Type = '1' ) LIMIT 1   [ RunTime:0.1406s ]
SQL: SELECT * FROM `hx_win` WHERE ( W_Issue='20150926-096' AND W_Type = '1' ) LIMIT 1   [ RunTime:0.1563s ]
SQL: SELECT * FROM `hx_win` WHERE ( W_Issue='20150926-017' AND W_Type = '1' ) LIMIT 1   [ RunTime:0.1563s ]
SQL: SELECT * FROM `hx_win` WHERE ( W_Issue='20150926-057' AND W_Type = '1' ) LIMIT 1   [ RunTime:0.1719s ]
SQL: SELECT * FROM `hx_win` WHERE ( W_Issue='20150926-018' AND W_Type = '1' ) LIMIT 1   [ RunTime:0.1875s ]
SQL: SELECT * FROM `hx_win` WHERE ( W_Issue='20150926-058' AND W_Type = '1' ) LIMIT 1   [ RunTime:0.1719s ]
SQL: SELECT * FROM `hx_win` WHERE ( W_Issue='20150926-019' AND W_Type = '1' ) LIMIT 1   [ RunTime:0.1719s ]
SQL: SELECT * FROM `hx_win` WHERE ( W_Issue='20150926-059' AND W_Type = '1' ) LIMIT 1   [ RunTime:0.1563s ]
SQL: SELECT * FROM `hx_win` WHERE ( W_Issue='20150926-020' AND W_Type = '1' ) LIMIT 1   [ RunTime:0.1406s ]
SQL: SELECT * FROM `hx_win` WHERE ( W_Issue='20150926-060' AND W_Type = '1' ) LIMIT 1   [ RunTime:0.1563s ]
SQL: SELECT * FROM `hx_win` WHERE ( W_Issue='20150926-021' AND W_Type = '1' ) LIMIT 1   [ RunTime:0.1406s ]
SQL: SELECT * FROM `hx_win` WHERE ( W_Issue='20150926-061' AND W_Type = '1' ) LIMIT 1   [ RunTime:0.1875s ]
SQL: SELECT * FROM `hx_win` WHERE ( W_Issue='20150926-022' AND W_Type = '1' ) LIMIT 1   [ RunTime:0.2031s ]
SQL: SELECT * FROM `hx_win` WHERE ( W_Issue='20150926-062' AND W_Type = '1' ) LIMIT 1   [ RunTime:0.1875s ]
SQL: SELECT * FROM `hx_win` WHERE ( W_Issue='20150926-023' AND W_Type = '1' ) LIMIT 1   [ RunTime:0.1719s ]
SQL: SELECT * FROM `hx_win` WHERE ( W_Issue='20150926-063' AND W_Type = '1' ) LIMIT 1   [ RunTime:0.2031s ]
SQL: SELECT * FROM `hx_win` WHERE ( W_Issue='20150926-024' AND W_Type = '1' ) LIMIT 1   [ RunTime:0.1875s ]
SQL: SELECT * FROM `hx_win` WHERE ( W_Issue='20150926-064' AND W_Type = '1' ) LIMIT 1   [ RunTime:0.1563s ]
SQL: SELECT * FROM `hx_win` WHERE ( W_Issue='20150926-025' AND W_Type = '1' ) LIMIT 1   [ RunTime:0.1563s ]
SQL: SELECT * FROM `hx_win` WHERE ( W_Issue='20150926-065' AND W_Type = '1' ) LIMIT 1   [ RunTime:0.1250s ]
SQL: SELECT * FROM `hx_win` WHERE ( W_Issue='20150926-026' AND W_Type = '1' ) LIMIT 1   [ RunTime:0.1563s ]
SQL: SELECT * FROM `hx_win` WHERE ( W_Issue='20150926-066' AND W_Type = '1' ) LIMIT 1   [ RunTime:0.1250s ]
SQL: SELECT * FROM `hx_win` WHERE ( W_Issue='20150926-027' AND W_Type = '1' ) LIMIT 1   [ RunTime:0.1406s ]
SQL: SELECT * FROM `hx_win` WHERE ( W_Issue='20150926-067' AND W_Type = '1' ) LIMIT 1   [ RunTime:0.1406s ]
SQL: SELECT * FROM `hx_win` WHERE ( W_Issue='20150926-028' AND W_Type = '1' ) LIMIT 1   [ RunTime:0.1250s ]
SQL: SELECT * FROM `hx_win` WHERE ( W_Issue='20150926-068' AND W_Type = '1' ) LIMIT 1   [ RunTime:0.1250s ]
SQL: SELECT * FROM `hx_win` WHERE ( W_Issue='20150926-029' AND W_Type = '1' ) LIMIT 1   [ RunTime:0.1094s ]
SQL: SELECT * FROM `hx_win` WHERE ( W_Issue='20150926-069' AND W_Type = '1' ) LIMIT 1   [ RunTime:0.1250s ]
SQL: SELECT * FROM `hx_win` WHERE ( W_Issue='20150926-030' AND W_Type = '1' ) LIMIT 1   [ RunTime:0.1250s ]
SQL: SELECT * FROM `hx_win` WHERE ( W_Issue='20150926-070' AND W_Type = '1' ) LIMIT 1   [ RunTime:0.1250s ]
SQL: SELECT * FROM `hx_win` WHERE ( W_Issue='20150926-031' AND W_Type = '1' ) LIMIT 1   [ RunTime:0.1406s ]
SQL: SELECT * FROM `hx_win` WHERE ( W_Issue='20150926-071' AND W_Type = '1' ) LIMIT 1   [ RunTime:0.1094s ]
SQL: SELECT * FROM `hx_win` WHERE ( W_Issue='20150926-032' AND W_Type = '1' ) LIMIT 1   [ RunTime:0.1250s ]
SQL: SELECT * FROM `hx_win` WHERE ( W_Issue='20150926-072' AND W_Type = '1' ) LIMIT 1   [ RunTime:0.1094s ]
SQL: SELECT * FROM `hx_win` WHERE ( W_Issue='20150926-033' AND W_Type = '1' ) LIMIT 1   [ RunTime:0.1250s ]
SQL: SELECT * FROM `hx_win` WHERE ( W_Issue='20150926-073' AND W_Type = '1' ) LIMIT 1   [ RunTime:0.1406s ]
SQL: SELECT * FROM `hx_win` WHERE ( W_Issue='20150926-034' AND W_Type = '1' ) LIMIT 1   [ RunTime:0.1250s ]
SQL: SELECT * FROM `hx_win` WHERE ( W_Issue='20150926-074' AND W_Type = '1' ) LIMIT 1   [ RunTime:0.1250s ]
SQL: SELECT * FROM `hx_win` WHERE ( W_Issue='20150926-035' AND W_Type = '1' ) LIMIT 1   [ RunTime:0.1563s ]
SQL: SELECT * FROM `hx_win` WHERE ( W_Issue='20150926-075' AND W_Type = '1' ) LIMIT 1   [ RunTime:0.1406s ]
SQL: SELECT * FROM `hx_win` WHERE ( W_Issue='20150926-036' AND W_Type = '1' ) LIMIT 1   [ RunTime:0.1563s ]
SQL: SELECT * FROM `hx_win` WHERE ( W_Issue='20150926-076' AND W_Type = '1' ) LIMIT 1   [ RunTime:0.1250s ]
SQL: SELECT * FROM `hx_win` WHERE ( W_Issue='20150926-037' AND W_Type = '1' ) LIMIT 1   [ RunTime:0.1250s ]
SQL: SELECT * FROM `hx_win` WHERE ( W_Issue='20150926-077' AND W_Type = '1' ) LIMIT 1   [ RunTime:0.1250s ]
SQL: SELECT * FROM `hx_win` WHERE ( W_Issue='20150926-038' AND W_Type = '1' ) LIMIT 1   [ RunTime:0.1250s ]
SQL: SELECT * FROM `hx_win` WHERE ( W_Issue='20150926-078' AND W_Type = '1' ) LIMIT 1   [ RunTime:0.1563s ]
SQL: SELECT * FROM `hx_win` WHERE ( W_Issue='20150926-039' AND W_Type = '1' ) LIMIT 1   [ RunTime:0.1250s ]
SQL: SELECT * FROM `hx_win` WHERE ( W_Issue='20150926-079' AND W_Type = '1' ) LIMIT 1   [ RunTime:0.1250s ]
SQL: SELECT * FROM `hx_win` WHERE ( W_Issue='20150926-040' AND W_Type = '1' ) LIMIT 1   [ RunTime:0.1250s ]
SQL: SELECT * FROM `hx_win` WHERE ( W_Issue='20150926-080' AND W_Type = '1' ) LIMIT 1   [ RunTime:0.1094s ]
INFO: [ app_end ] --START--
INFO: Run Behavior\ShowPageTraceBehavior [ RunTime:0.000000s ]
INFO: [ app_end ] --END-- [ RunTime:0.000000s ]

[ 2015-09-26T22:05:47+08:00 ] 103.224.250.73 /cj/index.php/Home/Index/work.html?laiyuan=caipiao163
INFO: [ app_init ] --START--
INFO: Run Behavior\BuildLiteBehavior [ RunTime:0.000000s ]
INFO: [ app_init ] --END-- [ RunTime:0.015625s ]
INFO: [ app_begin ] --START--
INFO: Run Behavior\ReadHtmlCacheBehavior [ RunTime:0.000000s ]
INFO: [ app_begin ] --END-- [ RunTime:0.000000s ]
SQL: SHOW COLUMNS FROM `hx_win` [ RunTime:0.0000s ]
NOTIC: [8] Undefined variable: param D:\wwwroot\Web\cj\Application\Home\Common\function.php 第 56 行.
SQL: SELECT * FROM `hx_win` WHERE ( W_Issue='20150926-001' AND W_Type = '1' ) LIMIT 1   [ RunTime:0.0000s ]
SQL: SELECT * FROM `hx_win` WHERE ( W_Issue='20150926-041' AND W_Type = '1' ) LIMIT 1   [ RunTime:0.0000s ]
SQL: SELECT * FROM `hx_win` WHERE ( W_Issue='20150926-081' AND W_Type = '1' ) LIMIT 1   [ RunTime:0.0000s ]
SQL: SELECT * FROM `hx_win` WHERE ( W_Issue='20150926-002' AND W_Type = '1' ) LIMIT 1   [ RunTime:0.0000s ]
SQL: SELECT * FROM `hx_win` WHERE ( W_Issue='20150926-042' AND W_Type = '1' ) LIMIT 1   [ RunTime:0.0000s ]
SQL: SELECT * FROM `hx_win` WHERE ( W_Issue='20150926-082' AND W_Type = '1' ) LIMIT 1   [ RunTime:0.0000s ]
SQL: SELECT * FROM `hx_win` WHERE ( W_Issue='20150926-003' AND W_Type = '1' ) LIMIT 1   [ RunTime:0.0000s ]
SQL: SELECT * FROM `hx_win` WHERE ( W_Issue='20150926-043' AND W_Type = '1' ) LIMIT 1   [ RunTime:0.0000s ]
SQL: SELECT * FROM `hx_win` WHERE ( W_Issue='20150926-083' AND W_Type = '1' ) LIMIT 1   [ RunTime:0.0000s ]
SQL: SELECT * FROM `hx_win` WHERE ( W_Issue='20150926-004' AND W_Type = '1' ) LIMIT 1   [ RunTime:0.0000s ]
SQL: SELECT * FROM `hx_win` WHERE ( W_Issue='20150926-044' AND W_Type = '1' ) LIMIT 1   [ RunTime:0.0000s ]
SQL: SELECT * FROM `hx_win` WHERE ( W_Issue='20150926-084' AND W_Type = '1' ) LIMIT 1   [ RunTime:0.0000s ]
SQL: SELECT * FROM `hx_win` WHERE ( W_Issue='20150926-005' AND W_Type = '1' ) LIMIT 1   [ RunTime:0.0000s ]
SQL: SELECT * FROM `hx_win` WHERE ( W_Issue='20150926-045' AND W_Type = '1' ) LIMIT 1   [ RunTime:0.0000s ]
SQL: SELECT * FROM `hx_win` WHERE ( W_Issue='20150926-085' AND W_Type = '1' ) LIMIT 1   [ RunTime:0.0000s ]
SQL: SELECT * FROM `hx_win` WHERE ( W_Issue='20150926-006' AND W_Type = '1' ) LIMIT 1   [ RunTime:0.0000s ]
SQL: SELECT * FROM `hx_win` WHERE ( W_Issue='20150926-046' AND W_Type = '1' ) LIMIT 1   [ RunTime:0.0000s ]
SQL: SELECT * FROM `hx_win` WHERE ( W_Issue='20150926-086' AND W_Type = '1' ) LIMIT 1   [ RunTime:0.0000s ]
SQL: SELECT * FROM `hx_win` WHERE ( W_Issue='20150926-007' AND W_Type = '1' ) LIMIT 1   [ RunTime:0.0000s ]
SQL: SELECT * FROM `hx_win` WHERE ( W_Issue='20150926-047' AND W_Type = '1' ) LIMIT 1   [ RunTime:0.0156s ]
SQL: SELECT * FROM `hx_win` WHERE ( W_Issue='20150926-087' AND W_Type = '1' ) LIMIT 1   [ RunTime:0.0000s ]
SQL: SELECT * FROM `hx_win` WHERE ( W_Issue='20150926-008' AND W_Type = '1' ) LIMIT 1   [ RunTime:0.0000s ]
SQL: SELECT * FROM `hx_win` WHERE ( W_Issue='20150926-048' AND W_Type = '1' ) LIMIT 1   [ RunTime:0.0000s ]
SQL: SELECT * FROM `hx_win` WHERE ( W_Issue='20150926-088' AND W_Type = '1' ) LIMIT 1   [ RunTime:0.0000s ]
SQL: SELECT * FROM `hx_win` WHERE ( W_Issue='20150926-009' AND W_Type = '1' ) LIMIT 1   [ RunTime:0.0000s ]
SQL: SELECT * FROM `hx_win` WHERE ( W_Issue='20150926-049' AND W_Type = '1' ) LIMIT 1   [ RunTime:0.0000s ]
SQL: SELECT * FROM `hx_win` WHERE ( W_Issue='20150926-089' AND W_Type = '1' ) LIMIT 1   [ RunTime:0.0000s ]
SQL: SELECT * FROM `hx_win` WHERE ( W_Issue='20150926-010' AND W_Type = '1' ) LIMIT 1   [ RunTime:0.0000s ]
SQL: SELECT * FROM `hx_win` WHERE ( W_Issue='20150926-050' AND W_Type = '1' ) LIMIT 1   [ RunTime:0.0000s ]
SQL: SELECT * FROM `hx_win` WHERE ( W_Issue='20150926-090' AND W_Type = '1' ) LIMIT 1   [ RunTime:0.0000s ]
SQL: SELECT * FROM `hx_win` WHERE ( W_Issue='20150926-011' AND W_Type = '1' ) LIMIT 1   [ RunTime:0.0000s ]
SQL: SELECT * FROM `hx_win` WHERE ( W_Issue='20150926-051' AND W_Type = '1' ) LIMIT 1   [ RunTime:0.0000s ]
SQL: SELECT * FROM `hx_win` WHERE ( W_Issue='20150926-091' AND W_Type = '1' ) LIMIT 1   [ RunTime:0.0000s ]
SQL: SELECT * FROM `hx_win` WHERE ( W_Issue='20150926-012' AND W_Type = '1' ) LIMIT 1   [ RunTime:0.0000s ]
SQL: SELECT * FROM `hx_win` WHERE ( W_Issue='20150926-052' AND W_Type = '1' ) LIMIT 1   [ RunTime:0.0000s ]
SQL: SELECT * FROM `hx_win` WHERE ( W_Issue='20150926-092' AND W_Type = '1' ) LIMIT 1   [ RunTime:0.0000s ]
SQL: SELECT * FROM `hx_win` WHERE ( W_Issue='20150926-013' AND W_Type = '1' ) LIMIT 1   [ RunTime:0.0000s ]
SQL: SELECT * FROM `hx_win` WHERE ( W_Issue='20150926-053' AND W_Type = '1' ) LIMIT 1   [ RunTime:0.0000s ]
SQL: SELECT * FROM `hx_win` WHERE ( W_Issue='20150926-093' AND W_Type = '1' ) LIMIT 1   [ RunTime:0.0000s ]
SQL: SELECT * FROM `hx_win` WHERE ( W_Issue='20150926-014' AND W_Type = '1' ) LIMIT 1   [ RunTime:0.0000s ]
SQL: SELECT * FROM `hx_win` WHERE ( W_Issue='20150926-054' AND W_Type = '1' ) LIMIT 1   [ RunTime:0.0000s ]
SQL: SELECT * FROM `hx_win` WHERE ( W_Issue='20150926-094' AND W_Type = '1' ) LIMIT 1   [ RunTime:0.0000s ]
SQL: SELECT * FROM `hx_win` WHERE ( W_Issue='20150926-015' AND W_Type = '1' ) LIMIT 1   [ RunTime:0.0000s ]
SQL: SELECT * FROM `hx_win` WHERE ( W_Issue='20150926-055' AND W_Type = '1' ) LIMIT 1   [ RunTime:0.0156s ]
SQL: SELECT * FROM `hx_win` WHERE ( W_Issue='20150926-095' AND W_Type = '1' ) LIMIT 1   [ RunTime:0.0000s ]
SQL: SELECT * FROM `hx_win` WHERE ( W_Issue='20150926-016' AND W_Type = '1' ) LIMIT 1   [ RunTime:0.0000s ]
SQL: SELECT * FROM `hx_win` WHERE ( W_Issue='20150926-056' AND W_Type = '1' ) LIMIT 1   [ RunTime:0.0000s ]
SQL: SELECT * FROM `hx_win` WHERE ( W_Issue='20150926-096' AND W_Type = '1' ) LIMIT 1   [ RunTime:0.0000s ]
SQL: SELECT * FROM `hx_win` WHERE ( W_Issue='20150926-017' AND W_Type = '1' ) LIMIT 1   [ RunTime:0.0000s ]
SQL: SELECT * FROM `hx_win` WHERE ( W_Issue='20150926-057' AND W_Type = '1' ) LIMIT 1   [ RunTime:0.0000s ]
SQL: SELECT * FROM `hx_win` WHERE ( W_Issue='20150926-018' AND W_Type = '1' ) LIMIT 1   [ RunTime:0.0000s ]
SQL: SELECT * FROM `hx_win` WHERE ( W_Issue='20150926-058' AND W_Type = '1' ) LIMIT 1   [ RunTime:0.0000s ]
SQL: SELECT * FROM `hx_win` WHERE ( W_Issue='20150926-019' AND W_Type = '1' ) LIMIT 1   [ RunTime:0.0000s ]
SQL: SELECT * FROM `hx_win` WHERE ( W_Issue='20150926-059' AND W_Type = '1' ) LIMIT 1   [ RunTime:0.0000s ]
SQL: SELECT * FROM `hx_win` WHERE ( W_Issue='20150926-020' AND W_Type = '1' ) LIMIT 1   [ RunTime:0.0000s ]
SQL: SELECT * FROM `hx_win` WHERE ( W_Issue='20150926-060' AND W_Type = '1' ) LIMIT 1   [ RunTime:0.0000s ]
SQL: SELECT * FROM `hx_win` WHERE ( W_Issue='20150926-021' AND W_Type = '1' ) LIMIT 1   [ RunTime:0.0000s ]
SQL: SELECT * FROM `hx_win` WHERE ( W_Issue='20150926-061' AND W_Type = '1' ) LIMIT 1   [ RunTime:0.0000s ]
SQL: SELECT * FROM `hx_win` WHERE ( W_Issue='20150926-022' AND W_Type = '1' ) LIMIT 1   [ RunTime:0.0000s ]
SQL: SELECT * FROM `hx_win` WHERE ( W_Issue='20150926-062' AND W_Type = '1' ) LIMIT 1   [ RunTime:0.0000s ]
SQL: SELECT * FROM `hx_win` WHERE ( W_Issue='20150926-023' AND W_Type = '1' ) LIMIT 1   [ RunTime:0.0000s ]
SQL: SELECT * FROM `hx_win` WHERE ( W_Issue='20150926-063' AND W_Type = '1' ) LIMIT 1   [ RunTime:0.0000s ]
SQL: SELECT * FROM `hx_win` WHERE ( W_Issue='20150926-024' AND W_Type = '1' ) LIMIT 1   [ RunTime:0.0000s ]
SQL: SELECT * FROM `hx_win` WHERE ( W_Issue='20150926-064' AND W_Type = '1' ) LIMIT 1   [ RunTime:0.0000s ]
SQL: SELECT * FROM `hx_win` WHERE ( W_Issue='20150926-025' AND W_Type = '1' ) LIMIT 1   [ RunTime:0.0000s ]
SQL: SELECT * FROM `hx_win` WHERE ( W_Issue='20150926-065' AND W_Type = '1' ) LIMIT 1   [ RunTime:0.0000s ]
SQL: SELECT * FROM `hx_win` WHERE ( W_Issue='20150926-026' AND W_Type = '1' ) LIMIT 1   [ RunTime:0.0000s ]
SQL: SELECT * FROM `hx_win` WHERE ( W_Issue='20150926-066' AND W_Type = '1' ) LIMIT 1   [ RunTime:0.0000s ]
SQL: SELECT * FROM `hx_win` WHERE ( W_Issue='20150926-027' AND W_Type = '1' ) LIMIT 1   [ RunTime:0.0000s ]
SQL: SELECT * FROM `hx_win` WHERE ( W_Issue='20150926-067' AND W_Type = '1' ) LIMIT 1   [ RunTime:0.0000s ]
SQL: SELECT * FROM `hx_win` WHERE ( W_Issue='20150926-028' AND W_Type = '1' ) LIMIT 1   [ RunTime:0.0000s ]
SQL: SELECT * FROM `hx_win` WHERE ( W_Issue='20150926-068' AND W_Type = '1' ) LIMIT 1   [ RunTime:0.0000s ]
SQL: SELECT * FROM `hx_win` WHERE ( W_Issue='20150926-029' AND W_Type = '1' ) LIMIT 1   [ RunTime:0.0000s ]
SQL: SELECT * FROM `hx_win` WHERE ( W_Issue='20150926-069' AND W_Type = '1' ) LIMIT 1   [ RunTime:0.0000s ]
SQL: SELECT * FROM `hx_win` WHERE ( W_Issue='20150926-030' AND W_Type = '1' ) LIMIT 1   [ RunTime:0.0000s ]
SQL: SELECT * FROM `hx_win` WHERE ( W_Issue='20150926-070' AND W_Type = '1' ) LIMIT 1   [ RunTime:0.0000s ]
SQL: SELECT * FROM `hx_win` WHERE ( W_Issue='20150926-031' AND W_Type = '1' ) LIMIT 1   [ RunTime:0.0000s ]
SQL: SELECT * FROM `hx_win` WHERE ( W_Issue='20150926-071' AND W_Type = '1' ) LIMIT 1   [ RunTime:0.0000s ]
SQL: SELECT * FROM `hx_win` WHERE ( W_Issue='20150926-032' AND W_Type = '1' ) LIMIT 1   [ RunTime:0.0000s ]
SQL: SELECT * FROM `hx_win` WHERE ( W_Issue='20150926-072' AND W_Type = '1' ) LIMIT 1   [ RunTime:0.0000s ]
SQL: SELECT * FROM `hx_win` WHERE ( W_Issue='20150926-033' AND W_Type = '1' ) LIMIT 1   [ RunTime:0.0000s ]
SQL: SELECT * FROM `hx_win` WHERE ( W_Issue='20150926-073' AND W_Type = '1' ) LIMIT 1   [ RunTime:0.0000s ]
SQL: SELECT * FROM `hx_win` WHERE ( W_Issue='20150926-034' AND W_Type = '1' ) LIMIT 1   [ RunTime:0.0000s ]
SQL: SELECT * FROM `hx_win` WHERE ( W_Issue='20150926-074' AND W_Type = '1' ) LIMIT 1   [ RunTime:0.0000s ]
SQL: SELECT * FROM `hx_win` WHERE ( W_Issue='20150926-035' AND W_Type = '1' ) LIMIT 1   [ RunTime:0.0000s ]
SQL: SELECT * FROM `hx_win` WHERE ( W_Issue='20150926-075' AND W_Type = '1' ) LIMIT 1   [ RunTime:0.0000s ]
SQL: SELECT * FROM `hx_win` WHERE ( W_Issue='20150926-036' AND W_Type = '1' ) LIMIT 1   [ RunTime:0.0000s ]
SQL: SELECT * FROM `hx_win` WHERE ( W_Issue='20150926-076' AND W_Type = '1' ) LIMIT 1   [ RunTime:0.0000s ]
SQL: SELECT * FROM `hx_win` WHERE ( W_Issue='20150926-037' AND W_Type = '1' ) LIMIT 1   [ RunTime:0.0000s ]
SQL: SELECT * FROM `hx_win` WHERE ( W_Issue='20150926-077' AND W_Type = '1' ) LIMIT 1   [ RunTime:0.0000s ]
SQL: SELECT * FROM `hx_win` WHERE ( W_Issue='20150926-038' AND W_Type = '1' ) LIMIT 1   [ RunTime:0.0000s ]
SQL: SELECT * FROM `hx_win` WHERE ( W_Issue='20150926-078' AND W_Type = '1' ) LIMIT 1   [ RunTime:0.0000s ]
SQL: SELECT * FROM `hx_win` WHERE ( W_Issue='20150926-039' AND W_Type = '1' ) LIMIT 1   [ RunTime:0.0000s ]
SQL: SELECT * FROM `hx_win` WHERE ( W_Issue='20150926-079' AND W_Type = '1' ) LIMIT 1   [ RunTime:0.0000s ]
SQL: SELECT * FROM `hx_win` WHERE ( W_Issue='20150926-040' AND W_Type = '1' ) LIMIT 1   [ RunTime:0.0000s ]
SQL: SELECT * FROM `hx_win` WHERE ( W_Issue='20150926-080' AND W_Type = '1' ) LIMIT 1   [ RunTime:0.0000s ]
INFO: [ app_end ] --START--
INFO: Run Behavior\ShowPageTraceBehavior [ RunTime:0.000000s ]
INFO: [ app_end ] --END-- [ RunTime:0.000000s ]

